SF:lib/src/models/write_states.dart
DA:15,15
DA:37,1
DA:41,1
DA:68,1
DA:72,1
DA:95,1
DA:99,1
DA:125,1
DA:129,1
DA:155,1
DA:159,1
DA:169,10
DA:174,1
DA:177,1
DA:178,1
DA:179,1
DA:193,10
DA:198,1
DA:201,1
DA:202,1
DA:203,1
DA:218,3
DA:223,1
DA:226,1
DA:227,1
DA:228,1
DA:244,3
DA:247,1
DA:250,1
DA:251,1
DA:252,1
DA:262,3
DA:267,1
DA:270,1
DA:271,1
DA:272,1
LF:36
LH:36
end_of_record
SF:lib/src/models/read_states.dart
DA:12,14
DA:34,1
DA:38,1
DA:64,1
DA:68,1
DA:94,1
DA:98,1
DA:114,9
DA:119,1
DA:122,1
DA:123,1
DA:124,1
DA:139,3
DA:144,1
DA:147,1
DA:148,1
DA:149,1
DA:158,3
DA:163,1
DA:166,1
DA:167,1
DA:168,1
LF:22
LH:22
end_of_record
SF:lib/src/views/bloc_builder.dart
DA:61,1
DA:66,1
DA:68,1
DA:70,1
DA:71,1
DA:72,1
DA:73,2
DA:75,1
LF:8
LH:8
end_of_record
SF:lib/src/models/bloc_states.dart
DA:31,25
DA:50,3
DA:51,3
DA:52,3
DA:53,3
DA:54,6
DA:68,1
DA:69,1
DA:70,1
DA:71,1
DA:75,1
DA:77,9
DA:80,1
DA:81,4
LF:14
LH:14
end_of_record
SF:lib/api_bloc.dart
DA:53,1
DA:59,1
DA:60,1
DA:63,1
DA:64,1
DA:66,2
DA:78,1
DA:80,3
DA:106,1
DA:116,1
DA:117,1
DA:121,1
DA:123,2
DA:126,1
DA:128,2
DA:129,1
DA:143,1
DA:144,1
DA:153,3
DA:161,1
DA:162,3
LF:21
LH:21
end_of_record
SF:lib/src/controllers/read_controller.dart
DA:26,1
DA:29,1
DA:30,2
DA:58,1
DA:59,3
DA:83,1
DA:85,1
DA:87,1
DA:92,1
DA:94,1
DA:96,1
LF:11
LH:11
end_of_record
SF:lib/src/controllers/bloc_controller.dart
DA:43,4
DA:46,8
DA:68,1
DA:71,1
DA:73,1
DA:75,2
LF:6
LH:6
end_of_record
SF:lib/src/views/bloc_listener.dart
DA:60,0
DA:65,0
DA:67,0
DA:69,0
DA:70,0
DA:71,0
DA:72,0
DA:73,0
DA:78,0
LF:9
LH:0
end_of_record
SF:lib/src/controllers/write_controller.dart
DA:37,4
DA:77,2
DA:78,6
DA:99,2
DA:101,2
DA:103,2
DA:108,2
DA:110,2
DA:112,2
LF:9
LH:9
end_of_record
SF:lib/src/views/bloc_consumer.dart
DA:56,1
DA:119,0
DA:121,0
DA:122,0
DA:123,0
DA:124,0
DA:125,0
DA:128,0
DA:130,0
LF:9
LH:1
end_of_record
