SF:lib/src/states/write_states.dart
DA:21,1
DA:22,2
DA:26,1
DA:27,1
DA:28,1
DA:29,1
DA:46,12
DA:51,1
DA:53,1
DA:54,1
DA:55,3
DA:59,1
DA:60,2
DA:61,1
DA:62,1
DA:63,2
DA:64,0
DA:65,0
DA:66,0
DA:67,0
DA:69,0
DA:70,0
DA:71,0
DA:72,0
DA:74,0
DA:75,0
DA:76,0
DA:77,0
DA:79,0
DA:80,0
DA:81,0
DA:82,0
DA:91,8
DA:92,0
DA:104,10
DA:105,1
DA:118,3
DA:119,2
DA:133,2
DA:134,0
DA:142,3
DA:143,1
LF:42
LH:24
end_of_record
SF:lib/src/states/read_states.dart
DA:20,1
DA:21,2
DA:25,2
DA:26,2
DA:27,2
DA:28,2
DA:43,14
DA:48,2
DA:50,2
DA:51,2
DA:52,6
DA:56,1
DA:57,2
DA:58,1
DA:59,1
DA:60,1
DA:61,1
DA:63,0
DA:64,0
DA:65,0
DA:66,0
DA:68,0
DA:69,0
DA:70,0
DA:71,0
DA:86,10
DA:87,1
DA:100,4
DA:101,2
DA:108,4
DA:109,2
LF:31
LH:23
end_of_record
SF:lib/src/controllers/write_controller.dart
DA:54,4
DA:90,1
DA:91,3
DA:112,2
DA:113,2
DA:115,1
DA:119,1
DA:121,1
DA:123,1
DA:129,1
DA:130,1
DA:203,0
DA:253,0
DA:254,0
DA:256,0
DA:258,0
DA:261,0
DA:262,0
LF:18
LH:11
end_of_record
SF:lib/src/states/bloc_states.dart
DA:33,26
DA:52,4
DA:53,4
DA:54,4
DA:55,4
DA:69,1
DA:70,1
DA:71,1
DA:72,1
DA:76,3
DA:78,27
DA:81,4
DA:82,16
LF:13
LH:13
end_of_record
SF:lib/src/controllers/read_controller.dart
DA:49,2
DA:52,2
DA:53,4
DA:81,1
DA:82,3
DA:105,2
DA:106,2
DA:108,2
DA:112,2
DA:114,2
DA:116,1
DA:122,1
DA:123,1
DA:186,0
DA:230,0
DA:231,0
DA:233,0
DA:235,0
DA:238,0
DA:239,0
LF:20
LH:13
end_of_record
SF:lib/src/views/bloc_widget.dart
DA:70,1
DA:95,0
DA:100,0
DA:107,0
DA:112,0
DA:115,1
DA:116,1
DA:127,1
DA:134,1
DA:135,1
DA:136,1
DA:137,0
DA:138,0
DA:139,1
DA:161,0
DA:165,0
DA:166,0
DA:168,0
DA:170,0
DA:171,0
DA:174,0
DA:176,0
DA:178,0
DA:180,0
DA:181,0
DA:184,0
DA:215,1
DA:219,1
DA:220,1
DA:222,0
DA:224,0
DA:225,0
DA:226,0
DA:227,0
DA:228,0
DA:231,1
DA:233,1
DA:235,4
DA:237,2
DA:238,0
DA:239,2
DA:240,1
DA:241,1
DA:244,1
DA:275,1
DA:279,1
DA:280,1
DA:282,4
DA:284,2
DA:285,0
DA:286,2
DA:287,1
DA:288,1
DA:291,3
DA:293,1
DA:295,0
DA:297,0
DA:298,0
DA:299,0
DA:300,0
DA:301,0
DA:304,3
DA:328,1
DA:332,1
DA:333,1
DA:335,2
DA:337,3
DA:338,1
DA:341,3
DA:343,1
DA:345,0
DA:347,0
DA:348,0
DA:351,3
DA:382,1
DA:386,1
DA:387,1
DA:389,4
DA:391,2
DA:392,0
DA:393,2
DA:394,1
DA:395,1
DA:398,3
DA:400,1
DA:402,0
DA:404,0
DA:405,0
DA:406,0
DA:407,0
DA:408,0
DA:411,3
DA:436,0
DA:440,0
DA:441,0
DA:442,0
DA:443,0
DA:445,0
DA:446,0
DA:447,0
DA:449,0
DA:450,0
DA:459,1
DA:461,1
DA:462,2
DA:463,1
DA:464,2
DA:465,3
DA:466,3
DA:470,2
DA:471,3
DA:474,2
DA:477,1
DA:480,3
DA:481,3
DA:485,1
LF:116
LH:64
end_of_record
SF:lib/src/controllers/bloc_controller.dart
DA:36,8
DA:39,8
LF:2
LH:2
end_of_record
